
Loaded 'libv3/all-terms.bf' from '/public/apps/hyphy2.5.1/lib/hyphy/TemplateBatchFiles/libv3/all-terms.bf'
Loaded 'libv3/UtilityFunctions.bf' from '/public/apps/hyphy2.5.1/lib/hyphy/TemplateBatchFiles/libv3/UtilityFunctions.bf'
Loaded 'IOFunctions.bf' from '/public/apps/hyphy2.5.1/lib/hyphy/TemplateBatchFiles/libv3/IOFunctions.bf'
Already loaded 'libv3/UtilityFunctions.bf' from /public/apps/hyphy2.5.1/lib/hyphy/TemplateBatchFiles/libv3/UtilityFunctions.bf
Loaded 'convenience/regexp.bf' from '/public/apps/hyphy2.5.1/lib/hyphy/TemplateBatchFiles/libv3/convenience/regexp.bf'
Already loaded 'libv3/all-terms.bf' from /public/apps/hyphy2.5.1/lib/hyphy/TemplateBatchFiles/libv3/all-terms.bf
Already loaded 'libv3/IOFunctions.bf' from /public/apps/hyphy2.5.1/lib/hyphy/TemplateBatchFiles/libv3/IOFunctions.bf
Loaded 'libv3/tasks/estimators.bf' from '/public/apps/hyphy2.5.1/lib/hyphy/TemplateBatchFiles/libv3/tasks/estimators.bf'
Loaded '../models/model_functions.bf' from '/public/apps/hyphy2.5.1/lib/hyphy/TemplateBatchFiles/libv3/models/model_functions.bf'
Loaded 'DNA.bf' from '/public/apps/hyphy2.5.1/lib/hyphy/TemplateBatchFiles/libv3/models/DNA.bf'
Loaded 'frequencies.bf' from '/public/apps/hyphy2.5.1/lib/hyphy/TemplateBatchFiles/libv3/models/frequencies.bf'
Already loaded '../all-terms.bf' from /public/apps/hyphy2.5.1/lib/hyphy/TemplateBatchFiles/libv3/all-terms.bf
Loaded 'parameters.bf' from '/public/apps/hyphy2.5.1/lib/hyphy/TemplateBatchFiles/libv3/models/parameters.bf'
Loaded 'GrabBag' from '/public/apps/hyphy2.5.1/lib/hyphy/TemplateBatchFiles/Utility/GrabBag.bf'
Overwritten previously defined function:'_sortStringsAux'
Already loaded 'libv3/all-terms.bf' from /public/apps/hyphy2.5.1/lib/hyphy/TemplateBatchFiles/libv3/all-terms.bf
Already loaded '../UtilityFunctions.bf' from /public/apps/hyphy2.5.1/lib/hyphy/TemplateBatchFiles/libv3/UtilityFunctions.bf
Already loaded 'model_functions.bf' from /public/apps/hyphy2.5.1/lib/hyphy/TemplateBatchFiles/libv3/models/model_functions.bf
Already loaded 'libv3/all-terms.bf' from /public/apps/hyphy2.5.1/lib/hyphy/TemplateBatchFiles/libv3/all-terms.bf
Already loaded 'parameters.bf' from /public/apps/hyphy2.5.1/lib/hyphy/TemplateBatchFiles/libv3/models/parameters.bf
Already loaded 'frequencies.bf' from /public/apps/hyphy2.5.1/lib/hyphy/TemplateBatchFiles/libv3/models/frequencies.bf
Already loaded '../UtilityFunctions.bf' from /public/apps/hyphy2.5.1/lib/hyphy/TemplateBatchFiles/libv3/UtilityFunctions.bf
Already loaded '../convenience/regexp.bf' from /public/apps/hyphy2.5.1/lib/hyphy/TemplateBatchFiles/libv3/convenience/regexp.bf
Loaded '../models/DNA/GTR.bf' from '/public/apps/hyphy2.5.1/lib/hyphy/TemplateBatchFiles/libv3/models/DNA/GTR.bf'
Already loaded '../DNA.bf' from /public/apps/hyphy2.5.1/lib/hyphy/TemplateBatchFiles/libv3/models/DNA.bf
Already loaded '../parameters.bf' from /public/apps/hyphy2.5.1/lib/hyphy/TemplateBatchFiles/libv3/models/parameters.bf
Already loaded '../frequencies.bf' from /public/apps/hyphy2.5.1/lib/hyphy/TemplateBatchFiles/libv3/models/frequencies.bf
Already loaded '../../UtilityFunctions.bf' from /public/apps/hyphy2.5.1/lib/hyphy/TemplateBatchFiles/libv3/UtilityFunctions.bf
Already loaded 'libv3/all-terms.bf' from /public/apps/hyphy2.5.1/lib/hyphy/TemplateBatchFiles/libv3/all-terms.bf
Already loaded '../convenience/regexp.bf' from /public/apps/hyphy2.5.1/lib/hyphy/TemplateBatchFiles/libv3/convenience/regexp.bf
Loaded 'mpi.bf' from '/public/apps/hyphy2.5.1/lib/hyphy/TemplateBatchFiles/libv3/tasks/mpi.bf'
Already loaded '../all-terms.bf' from /public/apps/hyphy2.5.1/lib/hyphy/TemplateBatchFiles/libv3/all-terms.bf
Already loaded '../models/parameters.bf' from /public/apps/hyphy2.5.1/lib/hyphy/TemplateBatchFiles/libv3/models/parameters.bf
Already loaded 'libv3/all-terms.bf' from /public/apps/hyphy2.5.1/lib/hyphy/TemplateBatchFiles/libv3/all-terms.bf
Loaded 'libv3/tasks/alignments.bf' from '/public/apps/hyphy2.5.1/lib/hyphy/TemplateBatchFiles/libv3/tasks/alignments.bf'
Already loaded '../IOFunctions.bf' from /public/apps/hyphy2.5.1/lib/hyphy/TemplateBatchFiles/libv3/IOFunctions.bf
Already loaded '../all-terms.bf' from /public/apps/hyphy2.5.1/lib/hyphy/TemplateBatchFiles/libv3/all-terms.bf
Loaded 'libv3/models/codon.bf' from '/public/apps/hyphy2.5.1/lib/hyphy/TemplateBatchFiles/libv3/models/codon.bf'
Loaded '../tasks/genetic_code.bf' from '/public/apps/hyphy2.5.1/lib/hyphy/TemplateBatchFiles/libv3/tasks/genetic_code.bf'
Loaded 'libv3/convenience/matrix.bf' from '/public/apps/hyphy2.5.1/lib/hyphy/TemplateBatchFiles/libv3/convenience/matrix.bf'
Already loaded 'libv3/UtilityFunctions.bf' from /public/apps/hyphy2.5.1/lib/hyphy/TemplateBatchFiles/libv3/UtilityFunctions.bf
Already loaded 'libv3/all-terms.bf' from /public/apps/hyphy2.5.1/lib/hyphy/TemplateBatchFiles/libv3/all-terms.bf
Already loaded '../UtilityFunctions.bf' from /public/apps/hyphy2.5.1/lib/hyphy/TemplateBatchFiles/libv3/UtilityFunctions.bf
Loaded 'libv3/tasks/trees.bf' from '/public/apps/hyphy2.5.1/lib/hyphy/TemplateBatchFiles/libv3/tasks/trees.bf'
Already loaded '../IOFunctions.bf' from /public/apps/hyphy2.5.1/lib/hyphy/TemplateBatchFiles/libv3/IOFunctions.bf
Already loaded '../all-terms.bf' from /public/apps/hyphy2.5.1/lib/hyphy/TemplateBatchFiles/libv3/all-terms.bf
Already loaded '../convenience/regexp.bf' from /public/apps/hyphy2.5.1/lib/hyphy/TemplateBatchFiles/libv3/convenience/regexp.bf
Already loaded '../UtilityFunctions.bf' from /public/apps/hyphy2.5.1/lib/hyphy/TemplateBatchFiles/libv3/UtilityFunctions.bf
Loaded 'TreeTools' from '/public/apps/hyphy2.5.1/lib/hyphy/TemplateBatchFiles/TreeTools.ibf'
Loaded 'distances.bf' from '/public/apps/hyphy2.5.1/lib/hyphy/TemplateBatchFiles/libv3/tasks/distances.bf'
Already loaded '../IOFunctions.bf' from /public/apps/hyphy2.5.1/lib/hyphy/TemplateBatchFiles/libv3/IOFunctions.bf
Already loaded '../all-terms.bf' from /public/apps/hyphy2.5.1/lib/hyphy/TemplateBatchFiles/libv3/all-terms.bf
Already loaded '../models/frequencies.bf' from /public/apps/hyphy2.5.1/lib/hyphy/TemplateBatchFiles/libv3/models/frequencies.bf
Already loaded 'libv3/tasks/genetic_code.bf' from /public/apps/hyphy2.5.1/lib/hyphy/TemplateBatchFiles/libv3/tasks/genetic_code.bf
Loaded 'SelectionAnalyses/modules/io_functions.ibf' from '/public/apps/hyphy2.5.1/lib/hyphy/TemplateBatchFiles/SelectionAnalyses/modules/io_functions.ibf'
Already loaded 'libv3/UtilityFunctions.bf' from /public/apps/hyphy2.5.1/lib/hyphy/TemplateBatchFiles/libv3/UtilityFunctions.bf
Already loaded 'libv3/IOFunctions.bf' from /public/apps/hyphy2.5.1/lib/hyphy/TemplateBatchFiles/libv3/IOFunctions.bf
Already loaded 'libv3/convenience/regexp.bf' from /public/apps/hyphy2.5.1/lib/hyphy/TemplateBatchFiles/libv3/convenience/regexp.bf
Already loaded 'libv3/all-terms.bf' from /public/apps/hyphy2.5.1/lib/hyphy/TemplateBatchFiles/libv3/all-terms.bf
Loaded 'SelectionAnalyses/modules/selection_lib.ibf' from '/public/apps/hyphy2.5.1/lib/hyphy/TemplateBatchFiles/SelectionAnalyses/modules/selection_lib.ibf'
Loaded 'libv3/models/codon/BS_REL.bf' from '/public/apps/hyphy2.5.1/lib/hyphy/TemplateBatchFiles/libv3/models/codon/BS_REL.bf'
Already loaded '../codon.bf' from /public/apps/hyphy2.5.1/lib/hyphy/TemplateBatchFiles/libv3/models/codon.bf
Already loaded '../DNA.bf' from /public/apps/hyphy2.5.1/lib/hyphy/TemplateBatchFiles/libv3/models/DNA.bf
Already loaded '../parameters.bf' from /public/apps/hyphy2.5.1/lib/hyphy/TemplateBatchFiles/libv3/models/parameters.bf
Already loaded '../frequencies.bf' from /public/apps/hyphy2.5.1/lib/hyphy/TemplateBatchFiles/libv3/models/frequencies.bf
Already loaded '../../UtilityFunctions.bf' from /public/apps/hyphy2.5.1/lib/hyphy/TemplateBatchFiles/libv3/UtilityFunctions.bf
Loaded 'MG_REV.bf' from '/public/apps/hyphy2.5.1/lib/hyphy/TemplateBatchFiles/libv3/models/codon/MG_REV.bf'
Already loaded '../codon.bf' from /public/apps/hyphy2.5.1/lib/hyphy/TemplateBatchFiles/libv3/models/codon.bf
Already loaded '../DNA.bf' from /public/apps/hyphy2.5.1/lib/hyphy/TemplateBatchFiles/libv3/models/DNA.bf
Already loaded '../parameters.bf' from /public/apps/hyphy2.5.1/lib/hyphy/TemplateBatchFiles/libv3/models/parameters.bf
Already loaded '../frequencies.bf' from /public/apps/hyphy2.5.1/lib/hyphy/TemplateBatchFiles/libv3/models/frequencies.bf
Already loaded '../../UtilityFunctions.bf' from /public/apps/hyphy2.5.1/lib/hyphy/TemplateBatchFiles/libv3/UtilityFunctions.bf
Loaded '../../convenience/math.bf' from '/public/apps/hyphy2.5.1/lib/hyphy/TemplateBatchFiles/libv3/convenience/math.bf'
Already loaded 'libv3/UtilityFunctions.bf' from /public/apps/hyphy2.5.1/lib/hyphy/TemplateBatchFiles/libv3/UtilityFunctions.bf
Already loaded 'libv3/convenience/math.bf' from /public/apps/hyphy2.5.1/lib/hyphy/TemplateBatchFiles/libv3/convenience/math.bf
Loaded 'libv3/models/rate_variation.bf' from '/public/apps/hyphy2.5.1/lib/hyphy/TemplateBatchFiles/libv3/models/rate_variation.bf'
Already loaded 'parameters.bf' from /public/apps/hyphy2.5.1/lib/hyphy/TemplateBatchFiles/libv3/models/parameters.bf
Already loaded 'libv3/models/codon/MG_REV.bf' from /public/apps/hyphy2.5.1/lib/hyphy/TemplateBatchFiles/libv3/models/codon/MG_REV.bf
Loaded 'libv3/models/codon/MG_REV_MH.bf' from '/public/apps/hyphy2.5.1/lib/hyphy/TemplateBatchFiles/libv3/models/codon/MG_REV_MH.bf'
Already loaded '../codon.bf' from /public/apps/hyphy2.5.1/lib/hyphy/TemplateBatchFiles/libv3/models/codon.bf
Already loaded '../DNA.bf' from /public/apps/hyphy2.5.1/lib/hyphy/TemplateBatchFiles/libv3/models/DNA.bf
Already loaded '../parameters.bf' from /public/apps/hyphy2.5.1/lib/hyphy/TemplateBatchFiles/libv3/models/parameters.bf
Already loaded '../frequencies.bf' from /public/apps/hyphy2.5.1/lib/hyphy/TemplateBatchFiles/libv3/models/frequencies.bf
Already loaded '../../UtilityFunctions.bf' from /public/apps/hyphy2.5.1/lib/hyphy/TemplateBatchFiles/libv3/UtilityFunctions.bf
Already loaded 'MG_REV.bf' from /public/apps/hyphy2.5.1/lib/hyphy/TemplateBatchFiles/libv3/models/codon/MG_REV.bf
Loaded 'libv3/models/codon/MG_REV_TRIP.bf' from '/public/apps/hyphy2.5.1/lib/hyphy/TemplateBatchFiles/libv3/models/codon/MG_REV_TRIP.bf'
Already loaded '../codon.bf' from /public/apps/hyphy2.5.1/lib/hyphy/TemplateBatchFiles/libv3/models/codon.bf
Already loaded '../DNA.bf' from /public/apps/hyphy2.5.1/lib/hyphy/TemplateBatchFiles/libv3/models/DNA.bf
Already loaded '../parameters.bf' from /public/apps/hyphy2.5.1/lib/hyphy/TemplateBatchFiles/libv3/models/parameters.bf
Already loaded '../frequencies.bf' from /public/apps/hyphy2.5.1/lib/hyphy/TemplateBatchFiles/libv3/models/frequencies.bf
Already loaded '../../UtilityFunctions.bf' from /public/apps/hyphy2.5.1/lib/hyphy/TemplateBatchFiles/libv3/UtilityFunctions.bf
Already loaded 'MG_REV.bf' from /public/apps/hyphy2.5.1/lib/hyphy/TemplateBatchFiles/libv3/models/codon/MG_REV.bf
Variable 'NORMALIZE_SEQUENCE_NAMES' was not initialized prior to being used
Variable 'LF_SMOOTHING_SCALER' was not initialized prior to being used
Variable 'busted.double' was not initialized prior to being used
Variable 'busted.triple' was not initialized prior to being used
Loaded 'SelectionAnalyses/modules/shared-load-file.bf' from '/public/apps/hyphy2.5.1/lib/hyphy/TemplateBatchFiles/SelectionAnalyses/modules/shared-load-file.bf'
Variable 'MARKDOWN_OUTPUT' was not initialized prior to being used
Already loaded 'libv3/convenience/matrix.bf' from /public/apps/hyphy2.5.1/lib/hyphy/TemplateBatchFiles/libv3/convenience/matrix.bf
Already loaded 'libv3/UtilityFunctions.bf' from /public/apps/hyphy2.5.1/lib/hyphy/TemplateBatchFiles/libv3/UtilityFunctions.bf
Variable 'L_xfptok.skipCodeSelectionStep' was not initialized prior to being used
Variable 'acOrcYsN.PROMPT_FOR_FILE' was not initialized prior to being used