Parsing RepMask/genome.divsum
LINE/unknown will not be graphed!
Retroposon/L1-dep will not be graphed!
DNA/IS3EU will not be graphed!
TIR/PiggyBac will not be graphed!
DNA/DTH will not be graphed!
TIR/Tc1_Mariner will not be graphed!
MITE/DTC will not be graphed!
DNA/DTA will not be graphed!
DNA/hAT-hATx will not be graphed!
DNA/Academ-1 will not be graphed!
DNA/Crypton-V will not be graphed!
DNA/Sola-1 will not be graphed!
DNA/Crypton-A will not be graphed!
MITE/DTH will not be graphed!
DNA/Crypton-H will not be graphed!
ARTEFACT will not be graphed!
Penelope will not be graphed!
MITE/DTT will not be graphed!
MITE/DTA will not be graphed!
DNA/DTT will not be graphed!
DNA/DTC will not be graphed!
DNA/PIF will not be graphed!
TIR/Merlin will not be graphed!
DIRS will not be graphed!
DNA/Ginger-1 will not be graphed!
DNA/Zisupton will not be graphed!
LTR/unknown will not be graphed!
SINE/tRNA-V-RTE will not be graphed!
DNA/DTM will not be graphed!
polinton will not be graphed!
LINE/R1-LOA will not be graphed!
MITE/DTM will not be graphed!
DNA/Sola-2 will not be graphed!
