Genes for each taxon:
BTP	1074
Chrysochir_aureus	1064
Collichthys_lucidus_pg	1055
Dendrophysa_russelii	1064
Johnius_belangerii	1061
Larimichthys_crocea_pg	1065
Nibea_albiflora_pg	1061
Otolithes_ruber	1049
Pennahia_anea	1060
Pennahia_pawak	1065
Miichthys_miiuyi	855
Sciaenops_ocellatus	805
anabas	1074
astyanax	1074
betta	1074
bonytongue	1074
gadus	1074
medaka	1074
neogobius	1074
poecilia	1074
salmon	1074
spotted_gar	1074
stickleback	1074
takifugu	1074
tetraodon	1074
tilapia	1074
xmac	1074
zebrafish	1074
Cheilinus_undulatus	1074
Datnioides_undecimradiatus	1074
Lutjanus_erythropterus	1074
Micropterus_salmoides	1074
Sander_lucioperca	1074
